emu compiled at Jun 12 2026, 14:54:12
Using simulated 32768B flash
Using simulated 2048MB RAM
The image is /data/runs/caijf/dut/tmp/cve/nutshell/NS-7/program.img
The reference model is /data/runs/caijf/dut/riscv-isa-sim-nutshell/difftest/build/riscv64-spike-so
The first instruction of core 0 has commited. Difftest enabled. 

============== Commit Group Trace (Core 0) ==============
commit group [00]: pc 00800000a0 cmtcnt 1
commit group [01]: pc 00800000a4 cmtcnt 1
commit group [02]: pc 00800000a8 cmtcnt 1
commit group [03]: pc 00800000ac cmtcnt 1
commit group [04]: pc 00800000b0 cmtcnt 1
commit group [05]: pc 00800000b4 cmtcnt 1
commit group [06]: pc 00800000b8 cmtcnt 1
commit group [07]: pc 00800000bc cmtcnt 1
commit group [08]: pc 00800000c0 cmtcnt 1
commit group [09]: pc 00800000c4 cmtcnt 1
commit group [10]: pc 00800000c8 cmtcnt 1
commit group [11]: pc 00800000cc cmtcnt 1
commit group [12]: pc 00800000d0 cmtcnt 1
commit group [13]: pc 00800000d4 cmtcnt 1
commit group [14]: pc 00800000d8 cmtcnt 1
commit group [15]: pc 00800000dc cmtcnt 1 <--

============== Commit Instr Trace ==============
[00] commit pc 0000000080000060 inst 00002317 wen 1 dst 06 data 0000000080002060 idx 000 auipc   t1, 0x2
[01] commit pc 0000000080000064 inst fa030313 wen 1 dst 06 data 0000000080002000 idx 000 addi    t1, t1, -96
[02] commit pc 0000000080000068 inst 00c35313 wen 1 dst 06 data 0000000000080002 idx 000 srli    t1, t1, 12
[03] commit pc 000000008000006c inst 00a31313 wen 1 dst 06 data 0000000020000800 idx 000 slli    t1, t1, 10
[04] commit pc 0000000080000070 inst 0c536313 wen 1 dst 06 data 00000000200008c5 idx 000 ori     t1, t1, 197
[05] commit pc 0000000080000074 inst 0062b023 wen 0 dst 00 data 00000000200008c5 idx 000 sd      t1, 0(t0)
[06] commit pc 0000000080000078 inst 00003297 wen 1 dst 05 data 0000000080003078 idx 000 auipc   t0, 0x3
[07] commit pc 000000008000007c inst f8828293 wen 1 dst 05 data 0000000080003000 idx 000 addi    t0, t0, -120
[08] commit pc 0000000080000080 inst 00c2d293 wen 1 dst 05 data 0000000000080003 idx 000 srli    t0, t0, 12
[09] commit pc 0000000080000084 inst fff0031b wen 1 dst 06 data ffffffffffffffff idx 000 addiw   t1, zero, -1
[10] commit pc 0000000080000088 inst 03f31313 wen 1 dst 06 data 8000000000000000 idx 000 slli    t1, t1, 63
[11] commit pc 000000008000008c inst 0062e2b3 wen 1 dst 05 data 8000000000080003 idx 000 or      t0, t0, t1
[12] commit pc 0000000080000090 inst 18029073 wen 0 dst 00 data 8000000000080003 idx 000 csrw    satp, t0
[13] commit pc 0000000080000094 inst 12000073 wen 0 dst 00 data 8000000000080003 idx 000 sfence.vma zero, zero
[14] commit pc 0000000080000098 inst 000022b7 wen 1 dst 05 data 0000000000002000 idx 000 lui     t0, 0x2
[15] commit pc 000000008000009c inst 8002829b wen 1 dst 05 data 0000000000001800 idx 000 addiw   t0, t0, -2048
[16] commit pc 00000000800000a0 inst 3002b073 wen 0 dst 00 data 0000000000001800 idx 000 csrc    mstatus, t0
[17] commit pc 00000000800000a4 inst 000012b7 wen 1 dst 05 data 0000000000001000 idx 000 lui     t0, 0x1
[18] commit pc 00000000800000a8 inst 8002829b wen 1 dst 05 data 0000000000000800 idx 000 addiw   t0, t0, -2048
[19] commit pc 00000000800000ac inst 3002a073 wen 0 dst 00 data 0000000000000800 idx 000 csrs    mstatus, t0
[20] commit pc 00000000800000b0 inst 000202b7 wen 1 dst 05 data 0000000000020000 idx 000 lui     t0, 0x20
[21] commit pc 00000000800000b4 inst 3002a073 wen 0 dst 00 data 0000000000020000 idx 000 csrs    mstatus, t0
[22] commit pc 00000000800000b8 inst 40000537 wen 1 dst 10 data 0000000040000000 idx 000 lui     a0, 0x40000
[23] commit pc 00000000800000bc inst fe21e5b7 wen 1 dst 11 data fffffffffe21e000 idx 000 lui     a1, 0xfe21e
[24] commit pc 00000000800000c0 inst d995859b wen 1 dst 11 data fffffffffe21dd99 idx 000 addiw   a1, a1, -615
[25] commit pc 00000000800000c4 inst 00c59593 wen 1 dst 11 data ffffffe21dd99000 idx 000 slli    a1, a1, 12
[26] commit pc 00000000800000c8 inst 55158593 wen 1 dst 11 data ffffffe21dd99551 idx 000 addi    a1, a1, 1361
[27] commit pc 00000000800000cc inst 00d59593 wen 1 dst 11 data fffc43bb32aa2000 idx 000 slli    a1, a1, 13
[28] commit pc 00000000800000d0 inst 19958593 wen 1 dst 11 data fffc43bb32aa2199 idx 000 addi    a1, a1, 409
[29] commit pc 00000000800000d4 inst 00d59593 wen 1 dst 11 data 8877665544332000 idx 000 slli    a1, a1, 13
[30] commit pc 00000000800000d8 inst 21158593 wen 1 dst 11 data 8877665544332211 idx 000 addi    a1, a1, 529
[31] commit pc 00000000800000dc inst 00b53023 wen 0 dst 00 data 8877665544332211 idx 000 sd      a1, 0(a0) <--

==============  REF Regs  ==============
zero: 0x0000000000000000   ra: 0x09ae6833a0195bee   sp: 0x1d7559de66766f50   gp: 0x5f5361891a4a3c19 
  tp: 0x82499f086ea82a21   t0: 0x0000000000020000   t1: 0x8000000000000000   t2: 0x5af8683066298d8c 
  s0: 0x291fc5ec0ad62b64   s1: 0xd60aa91fb14a7365   a0: 0x0000000040000000   a1: 0x8877665544332211 
  a2: 0xe7884897baad485f   a3: 0xe25eb27b1716d34b   a4: 0x2ad463310aeb8a48   a5: 0x5f8ab3b008f6f52d 
  a6: 0xf5aa0583f1cdc664   a7: 0x181e34e6279f1ac2   s2: 0xf21109ec442d1ed7   s3: 0x0007f62b71cecb15 
  s4: 0x20ee59103204d24a   s5: 0x1fa5878e8ad75e9a   s6: 0x4c94f763cd234964   s7: 0xaa7fad578650778b 
  s8: 0x4800109244b75424   s9: 0x14b807bfbd0a77ac  s10: 0x3a61dc8e5b6255d8  s11: 0xb2046810939611a8 
  t3: 0x2423ea0e98405087   t4: 0xbb2abaf81f606d62   t5: 0x97c083f7f4397b4f   t6: 0xc1e011909643223f 
 ft0: 0x7ff8000000000000  ft1: 0x7ff8000000000000  ft2: 0x7ff8000000000000  ft3: 0x7ff8000000000000 
 ft4: 0x7ff8000000000000  ft5: 0x7ff8000000000000  ft6: 0x7ff8000000000000  ft7: 0x7ff8000000000000 
 fs0: 0x7ff8000000000000  fs1: 0x7ff8000000000000  fa0: 0x7ff8000000000000  fa1: 0x7ff8000000000000 
 fa2: 0x7ff8000000000000  fa3: 0x7ff8000000000000  fa4: 0x7ff8000000000000  fa5: 0x7ff8000000000000 
 fa6: 0x7ff8000000000000  fa7: 0x7ff8000000000000  fs2: 0x7ff8000000000000  fs3: 0x7ff8000000000000 
 fs4: 0x7ff8000000000000  fs5: 0x7ff8000000000000  fs6: 0x7ff8000000000000  fs7: 0x7ff8000000000000 
 fs8: 0x7ff8000000000000  fs9: 0x7ff8000000000000 fs10: 0x7ff8000000000000 fs11: 0x7ff8000000000000 
 ft8: 0x7ff8000000000000  ft9: 0x7ff8000000000000 ft10: 0x7ff8000000000000 ft11: 0x7ff8000000000000 
pc: 0x0000000080000130 mstatus: 0x0000000a00021800 mcause: 0x000000000000000f mepc: 0x00000000800000dc
                       sstatus: 0x0000000200000000 scause: 0x0000000000000000 sepc: 0x0000000000000000
satp: 0x8000000000080003
mip: 0x0000000000000000 mie: 0x0000000000000000 mscratch: 0x0000000000000000 sscratch: 0x0000000000000000
mideleg: 0x0000000000000000 medeleg: 0x0000000000000000
mtval: 0x0000000040000000 stval: 0xc3467213bde7013c mtvec: 0x0000000080000130 stvec: 0x0000000000000000
privilege mode:3
privilegeMode: 3
mstatus different at pc = 0x00800000e4, right = 0x0000000a00021800, wrong = 0x0000000a00020800
   mepc different at pc = 0x00800000e4, right = 0x00000000800000dc, wrong = 0x0000000000000000
  mtval different at pc = 0x00800000e4, right = 0x0000000040000000, wrong = 0x0000000000000000
 mcause different at pc = 0x00800000e4, right = 0x000000000000000f, wrong = 0x0000000000000000
Core 0: [31mABORT at pc = 0x800000e4
[0m[35mCore-0 instrCnt = 56, cycleCnt = 789, IPC = 0.070976
[0m[34mSeed=0 Guest cycle spent: 791 (this will be different from cycleCnt if emu loads a snapshot)
[0m[34mHost time spent: 119ms
[0m