emu compiled at Jun 12 2026, 14:54:12
Using simulated 32768B flash
Using simulated 2048MB RAM
The image is /data/runs/caijf/dut/cve-issue/Nutshell/cve/poc/NS-2/poc/poc.img
The reference model is /data/runs/caijf/dut/riscv-isa-sim-nutshell/difftest/build/riscv64-spike-so
The first instruction of core 0 has commited. Difftest enabled. 

============== Commit Group Trace (Core 0) ==============
commit group [00]: pc 0080000080 cmtcnt 1
commit group [01]: pc 0080000084 cmtcnt 1
commit group [02]: pc 0080000088 cmtcnt 1
commit group [03]: pc 008000008c cmtcnt 1
commit group [04]: pc 00800000b4 cmtcnt 1
commit group [05]: pc 00800000b8 cmtcnt 1
commit group [06]: pc 00800000bc cmtcnt 1
commit group [07]: pc 00800000e0 cmtcnt 1
commit group [08]: pc 00800000e4 cmtcnt 1
commit group [09]: pc 00800000e8 cmtcnt 1
commit group [10]: pc 00800000ec cmtcnt 1
commit group [11]: pc 00800000f0 cmtcnt 1
commit group [12]: pc 00800000f4 cmtcnt 1
commit group [13]: pc 00800000f8 cmtcnt 1
commit group [14]: pc 00800000fc cmtcnt 1
commit group [15]: pc 0080002000 cmtcnt 1 <--

============== Commit Instr Trace ==============
[00] commit pc 0000000080000028 inst 8002829b wen 1 dst 05 data 0000000000000800 idx 000 addiw   t0, t0, -2048
[01] commit pc 000000008000002c inst 3002a073 wen 0 dst 00 data 0000000000000800 idx 000 csrs    mstatus, t0
[02] commit pc 0000000080000030 inst 00000297 wen 1 dst 05 data 0000000080000030 idx 000 auipc   t0, 0x0
[03] commit pc 0000000080000034 inst 03028293 wen 1 dst 05 data 0000000080000060 idx 000 addi    t0, t0, 48
[04] commit pc 0000000080000038 inst 34129073 wen 0 dst 00 data 0000000080000060 idx 000 csrw    mepc, t0
[05] commit pc 000000008000003c inst 30200073 wen 0 dst 00 data 0000000080000060 idx 000 mret
[06] commit pc 0000000080000060 inst 00000417 wen 1 dst 08 data 0000000080000060 idx 000 auipc   s0, 0x0
[07] commit pc 0000000080000064 inst 0e840413 wen 1 dst 08 data 0000000080000148 idx 000 addi    s0, s0, 232
[08] commit pc 0000000080000068 inst 00002497 wen 1 dst 09 data 0000000080002068 idx 000 auipc   s1, 0x2
[09] commit pc 000000008000006c inst f9848493 wen 1 dst 09 data 0000000080002000 idx 000 addi    s1, s1, -104
[10] commit pc 0000000080000070 inst 00043283 wen 1 dst 05 data 03f00f9380001f37 idx 000 ld      t0, 0(s0)
[11] commit pc 0000000080000074 inst 0054b023 wen 0 dst 00 data 03f00f9380001f37 idx 000 sd      t0, 0(s1)
[12] commit pc 0000000080000078 inst 00843283 wen 1 dst 05 data 0ff0000f01ff3023 idx 000 ld      t0, 8(s0)
[13] commit pc 000000008000007c inst 0054b423 wen 0 dst 00 data 0ff0000f01ff3023 idx 000 sd      t0, 8(s1)
[14] commit pc 0000000080000080 inst 01043283 wen 1 dst 05 data 0000006f0005006b idx 000 ld      t0, 16(s0)
[15] commit pc 0000000080000084 inst 0054b823 wen 0 dst 00 data 0000006f0005006b idx 000 sd      t0, 16(s1)
[16] commit pc 0000000080000088 inst 0330000f wen 0 dst 00 data 0000006f0005006b idx 000 fence   rw,rw
[17] commit pc 000000008000008c inst 0000100f wen 0 dst 00 data 0000006f0005006b idx 000 fence.i
[18] exception pc 0000000080000090 inst 00000073 cause 0000000000000009 ecall
[19] commit pc 00000000800000b4 inst 342022f3 wen 1 dst 05 data 0000000000000009 idx 000 csrr    t0, mcause
[20] commit pc 00000000800000b8 inst 00900313 wen 1 dst 06 data 0000000000000009 idx 000 li      t1, 9
[21] commit pc 00000000800000bc inst 02628263 wen 0 dst 00 data 0000000000000009 idx 000 beq     t0, t1, pc + 36
[22] commit pc 00000000800000e0 inst 00002297 wen 1 dst 05 data 00000000800020e0 idx 000 auipc   t0, 0x2
[23] commit pc 00000000800000e4 inst f2028293 wen 1 dst 05 data 0000000080002000 idx 000 addi    t0, t0, -224
[24] commit pc 00000000800000e8 inst 0010031b wen 1 dst 06 data 0000000000000001 idx 000 addiw   t1, zero, 1
[25] commit pc 00000000800000ec inst 03d31313 wen 1 dst 06 data 2000000000000000 idx 000 slli    t1, t1, 61
[26] commit pc 00000000800000f0 inst 0062e2b3 wen 1 dst 05 data 2000000080002000 idx 000 or      t0, t0, t1
[27] commit pc 00000000800000f4 inst 30529073 wen 0 dst 00 data 2000000080002000 idx 000 csrw    mtvec, t0
[28] commit pc 00000000800000f8 inst 305023f3 wen 1 dst 07 data 2000000080002000 idx 000 csrr    t2, mtvec
[29] commit pc 00000000800000fc inst 02539463 wen 0 dst 00 data 2000000080002000 idx 000 bne     t2, t0, pc + 40
[30] exception pc 0000000080000100 inst 00000073 cause 000000000000000b ecall
[31] commit pc 0000000080002000 inst 80001f37 wen 1 dst 30 data ffffffff80001000 idx 000 lui     t5, 0x80001 <--

==============  REF Regs  ==============
zero: 0x0000000000000000   ra: 0x09ae6833a0195bee   sp: 0x1d7559de66766f50   gp: 0x5f5361891a4a3c19 
  tp: 0x82499f086ea82a21   t0: 0x2000000080002000   t1: 0x2000000000000000   t2: 0x2000000080002000 
  s0: 0x0000000080000148   s1: 0x0000000080002000   a0: 0xd88adddfd79df695   a1: 0xa8450f396850718c 
  a2: 0xe7884897baad485f   a3: 0xe25eb27b1716d34b   a4: 0x2ad463310aeb8a48   a5: 0x5f8ab3b008f6f52d 
  a6: 0xf5aa0583f1cdc664   a7: 0x181e34e6279f1ac2   s2: 0xf21109ec442d1ed7   s3: 0x0007f62b71cecb15 
  s4: 0x20ee59103204d24a   s5: 0x1fa5878e8ad75e9a   s6: 0x4c94f763cd234964   s7: 0xaa7fad578650778b 
  s8: 0x4800109244b75424   s9: 0x14b807bfbd0a77ac  s10: 0x3a61dc8e5b6255d8  s11: 0xb2046810939611a8 
  t3: 0x2423ea0e98405087   t4: 0xbb2abaf81f606d62   t5: 0x97c083f7f4397b4f   t6: 0xc1e011909643223f 
 ft0: 0x7ff8000000000000  ft1: 0x7ff8000000000000  ft2: 0x7ff8000000000000  ft3: 0x7ff8000000000000 
 ft4: 0x7ff8000000000000  ft5: 0x7ff8000000000000  ft6: 0x7ff8000000000000  ft7: 0x7ff8000000000000 
 fs0: 0x7ff8000000000000  fs1: 0x7ff8000000000000  fa0: 0x7ff8000000000000  fa1: 0x7ff8000000000000 
 fa2: 0x7ff8000000000000  fa3: 0x7ff8000000000000  fa4: 0x7ff8000000000000  fa5: 0x7ff8000000000000 
 fa6: 0x7ff8000000000000  fa7: 0x7ff8000000000000  fs2: 0x7ff8000000000000  fs3: 0x7ff8000000000000 
 fs4: 0x7ff8000000000000  fs5: 0x7ff8000000000000  fs6: 0x7ff8000000000000  fs7: 0x7ff8000000000000 
 fs8: 0x7ff8000000000000  fs9: 0x7ff8000000000000 fs10: 0x7ff8000000000000 fs11: 0x7ff8000000000000 
 ft8: 0x7ff8000000000000  ft9: 0x7ff8000000000000 ft10: 0x7ff8000000000000 ft11: 0x7ff8000000000000 
pc: 0x2000000080002000 mstatus: 0x0000000a00001800 mcause: 0x0000000000000001 mepc: 0x2000000080002000
                       sstatus: 0x0000000200000000 scause: 0x0000000000000000 sepc: 0x0000000000000000
satp: 0x0000000000000000
mip: 0x0000000000000000 mie: 0x0000000000000000 mscratch: 0x0000000000000000 sscratch: 0x0000000000000000
mideleg: 0x0000000000000000 medeleg: 0x0000000000000000
mtval: 0x2000000080002000 stval: 0xc3467213bde7013c mtvec: 0x2000000080002000 stvec: 0x0000000000000000
privilege mode:3
privilegeMode: 3
     t5 different at pc = 0x0080002000, right = 0x97c083f7f4397b4f, wrong = 0xffffffff80001000
   mepc different at pc = 0x0080002000, right = 0x2000000080002000, wrong = 0x0000000080000100
  mtval different at pc = 0x0080002000, right = 0x2000000080002000, wrong = 0x0000000000000000
 mcause different at pc = 0x0080002000, right = 0x0000000000000001, wrong = 0x000000000000000b
     pc different at pc = 0x2000000080002000, right = 0x2000000080002000, wrong = 0x0000000080002000
Core 0: [31mABORT at pc = 0x80002000
[0m[35mCore-0 instrCnt = 42, cycleCnt = 934, IPC = 0.044968
[0m[34mSeed=0 Guest cycle spent: 936 (this will be different from cycleCnt if emu loads a snapshot)
[0m[34mHost time spent: 139ms
[0m