emu compiled at Jun 12 2026, 14:54:12
Using simulated 32768B flash
Using simulated 2048MB RAM
The image is /data/runs/caijf/dut/tmp/cve/nutshell/NS-3/program.img
The reference model is /data/runs/caijf/dut/riscv-isa-sim-nutshell/difftest/build/riscv64-spike-so
The first instruction of core 0 has commited. Difftest enabled. 

============== Commit Group Trace (Core 0) ==============
commit group [00]: pc 008000002c cmtcnt 1
commit group [01]: pc 0080000030 cmtcnt 1
commit group [02]: pc 0080000034 cmtcnt 1
commit group [03]: pc 0080000038 cmtcnt 1
commit group [04]: pc 008000003c cmtcnt 1
commit group [05]: pc 0080000040 cmtcnt 1
commit group [06]: pc 0080000044 cmtcnt 1
commit group [07]: pc 0080000048 cmtcnt 1
commit group [08]: pc 008000004c cmtcnt 1
commit group [09]: pc 008000006c cmtcnt 1
commit group [10]: pc 0080000070 cmtcnt 1
commit group [11]: pc 0080000074 cmtcnt 1
commit group [12]: pc 0080000078 cmtcnt 1
commit group [13]: pc 008000007c cmtcnt 1
commit group [14]: pc 0080000080 cmtcnt 1
commit group [15]: pc 0080000084 cmtcnt 1 <--

============== Commit Instr Trace ==============
[00] commit pc 0000000080000000 inst 00000297 wen 1 dst 05 data 0000000080000000 idx 000 auipc   t0, 0x0
[01] commit pc 0000000080000004 inst 08c28293 wen 1 dst 05 data 000000008000008c idx 000 addi    t0, t0, 140
[02] commit pc 0000000080000008 inst 30529073 wen 0 dst 00 data 000000008000008c idx 000 csrw    mtvec, t0
[03] commit pc 000000008000000c inst 30201073 wen 0 dst 00 data 000000008000008c idx 000 csrw    medeleg, zero
[04] commit pc 0000000080000010 inst 30301073 wen 0 dst 00 data 000000008000008c idx 000 csrw    mideleg, zero
[05] commit pc 0000000080000014 inst 00002297 wen 1 dst 05 data 0000000080002014 idx 000 auipc   t0, 0x2
[06] commit pc 0000000080000018 inst fec28293 wen 1 dst 05 data 0000000080002000 idx 000 addi    t0, t0, -20
[07] commit pc 000000008000001c inst 00c2d293 wen 1 dst 05 data 0000000000080002 idx 000 srli    t0, t0, 12
[08] commit pc 0000000080000020 inst 00800313 wen 1 dst 06 data 0000000000000008 idx 000 li      t1, 8
[09] commit pc 0000000080000024 inst 03c31313 wen 1 dst 06 data 8000000000000000 idx 000 slli    t1, t1, 60
[10] commit pc 0000000080000028 inst 0062e2b3 wen 1 dst 05 data 8000000000080002 idx 000 or      t0, t0, t1
[11] commit pc 000000008000002c inst 18029073 wen 0 dst 00 data 8000000000080002 idx 000 csrw    satp, t0
[12] commit pc 0000000080000030 inst 12000073 wen 0 dst 00 data 8000000000080002 idx 000 sfence.vma zero, zero
[13] commit pc 0000000080000034 inst 000022b7 wen 1 dst 05 data 0000000000002000 idx 000 lui     t0, 0x2
[14] commit pc 0000000080000038 inst 8002829b wen 1 dst 05 data 0000000000001800 idx 000 addiw   t0, t0, -2048
[15] commit pc 000000008000003c inst 3002b073 wen 0 dst 00 data 0000000000001800 idx 000 csrc    mstatus, t0
[16] commit pc 0000000080000040 inst 00000297 wen 1 dst 05 data 0000000080000040 idx 000 auipc   t0, 0x0
[17] commit pc 0000000080000044 inst 02c28293 wen 1 dst 05 data 000000008000006c idx 000 addi    t0, t0, 44
[18] commit pc 0000000080000048 inst 34129073 wen 0 dst 00 data 000000008000006c idx 000 csrw    mepc, t0
[19] commit pc 000000008000004c inst 30200073 wen 0 dst 00 data 000000008000006c idx 000 mret
[20] commit pc 000000008000006c inst 60000437 wen 1 dst 08 data 0000000060000000 idx 000 lui     s0, 0x60000
[21] commit pc 0000000080000070 inst 0404041b wen 1 dst 08 data 0000000060000040 idx 000 addiw   s0, s0, 64
[22] commit pc 0000000080000074 inst 000df2b7 wen 1 dst 05 data 00000000000df000 idx 000 lui     t0, 0xdf
[23] commit pc 0000000080000078 inst ad12829b wen 1 dst 05 data 00000000000dead1 idx 000 addiw   t0, t0, -1327
[24] commit pc 000000008000007c inst 00c29293 wen 1 dst 05 data 00000000dead1000 idx 000 slli    t0, t0, 12
[25] commit pc 0000000080000080 inst 23428293 wen 1 dst 05 data 00000000dead1234 idx 000 addi    t0, t0, 564
[26] commit pc 0000000080000084 inst 00542023 wen 0 dst 00 data 00000000dead1234 idx 000 sw      t0, 0(s0) <--

==============  REF Regs  ==============
zero: 0x0000000000000000   ra: 0x09ae6833a0195bee   sp: 0x1d7559de66766f50   gp: 0x5f5361891a4a3c19 
  tp: 0x82499f086ea82a21   t0: 0x00000000dead1234   t1: 0x8000000000000000   t2: 0x5af8683066298d8c 
  s0: 0x0000000060000040   s1: 0xd60aa91fb14a7365   a0: 0xd88adddfd79df695   a1: 0xa8450f396850718c 
  a2: 0xe7884897baad485f   a3: 0xe25eb27b1716d34b   a4: 0x2ad463310aeb8a48   a5: 0x5f8ab3b008f6f52d 
  a6: 0xf5aa0583f1cdc664   a7: 0x181e34e6279f1ac2   s2: 0xf21109ec442d1ed7   s3: 0x0007f62b71cecb15 
  s4: 0x20ee59103204d24a   s5: 0x1fa5878e8ad75e9a   s6: 0x4c94f763cd234964   s7: 0xaa7fad578650778b 
  s8: 0x4800109244b75424   s9: 0x14b807bfbd0a77ac  s10: 0x3a61dc8e5b6255d8  s11: 0xb2046810939611a8 
  t3: 0x2423ea0e98405087   t4: 0xbb2abaf81f606d62   t5: 0x97c083f7f4397b4f   t6: 0xc1e011909643223f 
 ft0: 0x7ff8000000000000  ft1: 0x7ff8000000000000  ft2: 0x7ff8000000000000  ft3: 0x7ff8000000000000 
 ft4: 0x7ff8000000000000  ft5: 0x7ff8000000000000  ft6: 0x7ff8000000000000  ft7: 0x7ff8000000000000 
 fs0: 0x7ff8000000000000  fs1: 0x7ff8000000000000  fa0: 0x7ff8000000000000  fa1: 0x7ff8000000000000 
 fa2: 0x7ff8000000000000  fa3: 0x7ff8000000000000  fa4: 0x7ff8000000000000  fa5: 0x7ff8000000000000 
 fa6: 0x7ff8000000000000  fa7: 0x7ff8000000000000  fs2: 0x7ff8000000000000  fs3: 0x7ff8000000000000 
 fs4: 0x7ff8000000000000  fs5: 0x7ff8000000000000  fs6: 0x7ff8000000000000  fs7: 0x7ff8000000000000 
 fs8: 0x7ff8000000000000  fs9: 0x7ff8000000000000 fs10: 0x7ff8000000000000 fs11: 0x7ff8000000000000 
 ft8: 0x7ff8000000000000  ft9: 0x7ff8000000000000 ft10: 0x7ff8000000000000 ft11: 0x7ff8000000000000 
pc: 0x000000008000008c mstatus: 0x0000000a00000000 mcause: 0x0000000000000007 mepc: 0x0000000080000084
                       sstatus: 0x0000000200000000 scause: 0x0000000000000000 sepc: 0x0000000000000000
satp: 0x8000000000080002
mip: 0x0000000000000000 mie: 0x0000000000000000 mscratch: 0x0000000000000000 sscratch: 0x0000000000000000
mideleg: 0x0000000000000000 medeleg: 0x0000000000000000
mtval: 0x0000000060000040 stval: 0xc3467213bde7013c mtvec: 0x000000008000008c stvec: 0x0000000000000000
privilege mode:3
privilegeMode: 0
   mode different at pc = 0x008000008c, right = 0x0000000000000003, wrong = 0x0000000000000000
mstatus different at pc = 0x008000008c, right = 0x0000000a00000000, wrong = 0x0000000a00000080
   mepc different at pc = 0x008000008c, right = 0x0000000080000084, wrong = 0x000000008000006c
  mtval different at pc = 0x008000008c, right = 0x0000000060000040, wrong = 0x0000000000000000
 mcause different at pc = 0x008000008c, right = 0x0000000000000007, wrong = 0x0000000000000000
Core 0: [31mABORT at pc = 0x8000008c
[0m[35mCore-0 instrCnt = 27, cycleCnt = 676, IPC = 0.039941
[0m[34mSeed=0 Guest cycle spent: 678 (this will be different from cycleCnt if emu loads a snapshot)
[0m[34mHost time spent: 93ms
[0m