emu compiled at Jun 25 2026, 04:18:40
Using simulated 32768B flash
Core  0's Commit SHA is: 96c3f568f9, dirty: 0
Using simulated 2048MB RAM
The image is poc.img
The reference model is riscv64-spike-so
The first instruction of core 0 has commited. Difftest enabled. 

============== Commit Group Trace (Core 0) ==============
commit group [00]: pc 0010000000 cmtcnt 1
commit group [01]: pc 0010000004 cmtcnt 1
commit group [02]: pc 0010000008 cmtcnt 1
commit group [03]: pc 0080000000 cmtcnt 1
commit group [04]: pc 0080000004 cmtcnt 1
commit group [05]: pc 0080000008 cmtcnt 1
commit group [06]: pc 008000000c cmtcnt 1
commit group [07]: pc 0080000010 cmtcnt 1
commit group [08]: pc 0080000014 cmtcnt 1
commit group [09]: pc 0080000018 cmtcnt 1
commit group [10]: pc 008000001c cmtcnt 2
commit group [11]: pc 0080000024 cmtcnt 1 <--

============== Commit Instr Trace ==============
[00] commit pc 0000000010000000 inst 0010029b wen 1 dst 05 data 0000000000000001 idx 000 addiw   t0, zero, 1
[01] commit pc 0000000010000004 inst 01f29293 wen 1 dst 05 data 0000000080000000 idx 001 slli    t0, t0, 31
[02] commit pc 0000000010000008 inst 00028067 wen 0 dst 00 data 0000000080000000 idx 002 jr      t0
[03] commit pc 0000000080000000 inst 00000297 wen 1 dst 05 data 0000000080000000 idx 003 auipc   t0, 0x0
[04] commit pc 0000000080000004 inst 11828293 wen 1 dst 05 data 0000000080000118 idx 004 addi    t0, t0, 280
[05] commit pc 0000000080000008 inst 30529073 wen 0 dst 00 data 0000000080000118 idx 005 csrw    mtvec, t0
[06] commit pc 000000008000000c inst 00200293 wen 1 dst 05 data 0000000000000002 idx 006 li      t0, 2
[07] commit pc 0000000080000010 inst 3042a073 wen 0 dst 00 data 0000000000000002 idx 007 csrs    mie, t0
[08] commit pc 0000000080000014 inst 30402373 wen 1 dst 06 data 0000000000000002 idx 008 csrr    t1, mie
[09] commit pc 0000000080000018 inst 00537333 wen 1 dst 06 data 0000000000000002 idx 009 and     t1, t1, t0
[10] commit pc 000000008000001c inst 0c030c63 wen 0 dst 24 data 0000000000000002 idx 00a beqz    t1, pc + 216
[11] commit pc 0000000080000020 inst 03000313 wen 1 dst 06 data 0000000000000030 idx 00b li      t1, 48
[12] commit pc 0000000080000024 inst 35031073 wen 0 dst 00 data 0000000000000002 idx 00c csrw    miselect, t1 <--

==============  REF Regs  ==============
zero: 0x0000000000000000   ra: 0x0000000000000000   sp: 0x0000000000000000   gp: 0x0000000000000000 
  tp: 0x0000000000000000   t0: 0x0000000000000002   t1: 0x0000000000000030   t2: 0x0000000000000000 
  s0: 0x0000000000000000   s1: 0x0000000000000000   a0: 0x0000000000000000   a1: 0x0000000000000000 
  a2: 0x0000000000000000   a3: 0x0000000000000000   a4: 0x0000000000000000   a5: 0x0000000000000000 
  a6: 0x0000000000000000   a7: 0x0000000000000000   s2: 0x0000000000000000   s3: 0x0000000000000000 
  s4: 0x0000000000000000   s5: 0x0000000000000000   s6: 0x0000000000000000   s7: 0x0000000000000000 
  s8: 0x0000000000000000   s9: 0x0000000000000000  s10: 0x0000000000000000  s11: 0x0000000000000000 
  t3: 0x0000000000000000   t4: 0x0000000000000000   t5: 0x0000000000000000   t6: 0x0000000000000000 
 ft0: 0x1bc129f6a916afad  ft1: 0x41554b8eb2954333  ft2: 0xab07edfa3c63fddb  ft3: 0xafb4266006858c18 
 ft4: 0x36fe1c7ea390aabc  ft5: 0xc51250f427429436  ft6: 0x8f44c91d0ea9335d  ft7: 0xcad52206e2387c7f 
 fs0: 0x3c7de37d196d54eb  fs1: 0x51502e9cd3e563c2  fa0: 0x3f1dbde2ac8fd1d8  fa1: 0x345f5060578bdc2a 
 fa2: 0xd7608acf245479d5  fa3: 0x556a9e59aa44dd51  fa4: 0x923b4fa87e517766  fa5: 0x218c2990214e23fa 
 fa6: 0x1015eab1423437fe  fa7: 0x168ef24388139db7  fs2: 0x975adaa5dad386be  fs3: 0xe86a48ea13e01dcc 
 fs4: 0xe7c98a119f7882bd  fs5: 0xb047b55dd44a7dd6  fs6: 0xf079f4cf8edd3311  fs7: 0x553fc67c4d499da8 
 fs8: 0x7fecc8bea6da5097  fs9: 0xdb3b950df4140991 fs10: 0x7646d269c0848156 fs11: 0x9faced5685f7e57a 
 ft8: 0x573a05520fb3834e  ft9: 0x8766a5102b563409 ft10: 0x62e01cc452085d0c ft11: 0xd912df3663c4bac4 
pc: 0x0000000080000118 mstatus: 0x0000040a00001800 mcause: 0x0000000000000002 mepc: 0x0000000080000024
                       sstatus: 0x0000000200000000 scause: 0x0000000000000000 sepc: 0x0000000000000000
satp: 0x0000000000000000
mip: 0x0000000000000000 mie: 0x0000000000000002 mscratch: 0xcb3f9ee45809de9f sscratch: 0xcb3f9ee45809de9f
mideleg: 0x0000000000001444 medeleg: 0x0000000000000000
mtval: 0x0000000035031073 stval: 0x0000000000000000 mtvec: 0x0000000080000118 stvec: 0x0000000000000000
privilege mode:3
 0: cfg:0x00 addr:0x0000000000000000 |  1: cfg:0x00 addr:0x0000000000000000
 2: cfg:0x00 addr:0x0000000000000000 |  3: cfg:0x00 addr:0x0000000000000000
 4: cfg:0x00 addr:0x0000000000000000 |  5: cfg:0x00 addr:0x0000000000000000
 6: cfg:0x00 addr:0x0000000000000000 |  7: cfg:0x00 addr:0x0000000000000000
 8: cfg:0x00 addr:0x0000000000000000 |  9: cfg:0x00 addr:0x0000000000000000
10: cfg:0x00 addr:0x0000000000000000 | 11: cfg:0x00 addr:0x0000000000000000
12: cfg:0x00 addr:0x0000000000000000 | 13: cfg:0x00 addr:0x0000000000000000
14: cfg:0x00 addr:0x0000000000000000 | 15: cfg:0x00 addr:0x0000000000000000
16: cfg:0x00 addr:0x0000000000000000 | 17: cfg:0x00 addr:0x0000000000000000
18: cfg:0x00 addr:0x0000000000000000 | 19: cfg:0x00 addr:0x0000000000000000
20: cfg:0x00 addr:0x0000000000000000 | 21: cfg:0x00 addr:0x0000000000000000
22: cfg:0x00 addr:0x0000000000000000 | 23: cfg:0x00 addr:0x0000000000000000
24: cfg:0x00 addr:0x0000000000000000 | 25: cfg:0x00 addr:0x0000000000000000
26: cfg:0x00 addr:0x0000000000000000 | 27: cfg:0x00 addr:0x0000000000000000
28: cfg:0x00 addr:0x0000000000000000 | 29: cfg:0x00 addr:0x0000000000000000
30: cfg:0x00 addr:0x0000000000000000 | 31: cfg:0x00 addr:0x0000000000000000
privilegeMode: 3
mstatus different at pc = 0x93f66c045adb, right = 0x0000040a00001800, wrong = 0x0000000a00000000
   mepc different at pc = 0x93f66c045adb, right = 0x0000000080000024, wrong = 0x0000000000000000
  mtval different at pc = 0x93f66c045adb, right = 0x0000000035031073, wrong = 0x0000000000000000
 mcause different at pc = 0x93f66c045adb, right = 0x0000000000000002, wrong = 0x0000000000000000
Core 0: [31mABORT at pc = 0x93f66c045adb
[0m[35mCore-0 instrCnt = 13, cycleCnt = 2,141, IPC = 0.006072
[0m[34mSeed=0 Guest cycle spent: 2,170 (this will be different from cycleCnt if emu loads a snapshot)
[0m[34mHost time spent: 10,891ms
[0m
