emu compiled at Jun 12 2026, 14:54:12
Using simulated 32768B flash
Using simulated 2048MB RAM
The image is /data/runs/caijf/dut/tmp/cve/nutshell/NS-7/program.img
The reference model is /data/runs/caijf/dut/riscv-isa-sim-nutshell/difftest/build/riscv64-spike-so
The first instruction of core 0 has commited. Difftest enabled. 

============== Commit Group Trace (Core 0) ==============
commit group [00]: pc 0080000000 cmtcnt 1
commit group [01]: pc 0080000004 cmtcnt 1
commit group [02]: pc 0080000008 cmtcnt 1 <--

============== Commit Instr Trace ==============
[00] commit pc 0000000080000000 inst b0202073 wen 0 dst 00 data 0000000000000000 idx 000 csrr    zero, minstret
[01] commit pc 0000000080000004 inst b0202473 wen 1 dst 08 data 0000000000000001 idx 000 csrr    s0, minstret
[02] commit pc 0000000080000008 inst b02024f3 wen 1 dst 09 data 0000000000000001 idx 000 csrr    s1, minstret <--

==============  REF Regs  ==============
zero: 0x0000000000000000   ra: 0x09ae6833a0195bee   sp: 0x1d7559de66766f50   gp: 0x5f5361891a4a3c19 
  tp: 0x82499f086ea82a21   t0: 0x7c833c996a5f4e41   t1: 0xdebd663bb369a6f5   t2: 0x5af8683066298d8c 
  s0: 0x0000000000000001   s1: 0x0000000000000002   a0: 0xd88adddfd79df695   a1: 0xa8450f396850718c 
  a2: 0xe7884897baad485f   a3: 0xe25eb27b1716d34b   a4: 0x2ad463310aeb8a48   a5: 0x5f8ab3b008f6f52d 
  a6: 0xf5aa0583f1cdc664   a7: 0x181e34e6279f1ac2   s2: 0xf21109ec442d1ed7   s3: 0x0007f62b71cecb15 
  s4: 0x20ee59103204d24a   s5: 0x1fa5878e8ad75e9a   s6: 0x4c94f763cd234964   s7: 0xaa7fad578650778b 
  s8: 0x4800109244b75424   s9: 0x14b807bfbd0a77ac  s10: 0x3a61dc8e5b6255d8  s11: 0xb2046810939611a8 
  t3: 0x2423ea0e98405087   t4: 0xbb2abaf81f606d62   t5: 0x97c083f7f4397b4f   t6: 0xc1e011909643223f 
 ft0: 0x7ff8000000000000  ft1: 0x7ff8000000000000  ft2: 0x7ff8000000000000  ft3: 0x7ff8000000000000 
 ft4: 0x7ff8000000000000  ft5: 0x7ff8000000000000  ft6: 0x7ff8000000000000  ft7: 0x7ff8000000000000 
 fs0: 0x7ff8000000000000  fs1: 0x7ff8000000000000  fa0: 0x7ff8000000000000  fa1: 0x7ff8000000000000 
 fa2: 0x7ff8000000000000  fa3: 0x7ff8000000000000  fa4: 0x7ff8000000000000  fa5: 0x7ff8000000000000 
 fa6: 0x7ff8000000000000  fa7: 0x7ff8000000000000  fs2: 0x7ff8000000000000  fs3: 0x7ff8000000000000 
 fs4: 0x7ff8000000000000  fs5: 0x7ff8000000000000  fs6: 0x7ff8000000000000  fs7: 0x7ff8000000000000 
 fs8: 0x7ff8000000000000  fs9: 0x7ff8000000000000 fs10: 0x7ff8000000000000 fs11: 0x7ff8000000000000 
 ft8: 0x7ff8000000000000  ft9: 0x7ff8000000000000 ft10: 0x7ff8000000000000 ft11: 0x7ff8000000000000 
pc: 0x000000008000000c mstatus: 0x0000000a00001800 mcause: 0x0000000000000000 mepc: 0x0000000000000000
                       sstatus: 0x0000000200000000 scause: 0x0000000000000000 sepc: 0x0000000000000000
satp: 0x0000000000000000
mip: 0x0000000000000000 mie: 0x0000000000000000 mscratch: 0x0000000000000000 sscratch: 0x0000000000000000
mideleg: 0x0000000000000000 medeleg: 0x0000000000000000
mtval: 0x0000000000000000 stval: 0xc3467213bde7013c mtvec: 0x0000000000000000 stvec: 0x0000000000000000
privilege mode:3
privilegeMode: 3
     s1 different at pc = 0x008000000c, right = 0x0000000000000002, wrong = 0x0000000000000001
Core 0: [31mABORT at pc = 0x8000000c
[0m[35mCore-0 instrCnt = 3, cycleCnt = 534, IPC = 0.005618
[0m[34mSeed=0 Guest cycle spent: 536 (this will be different from cycleCnt if emu loads a snapshot)
[0m[34mHost time spent: 112ms
[0m